+ directory-metadata
+ whoami
saulius
+ hostname -f
pterodaktilis
+ pwd
/home/saulius/src/ada-ml/data/CORA
+ set +x
+ svnversion
60M
+ svn info
Path: .
Working Copy Root Path: /home/saulius/src/ada-ml
URL: svn+ssh://saulius.grazulis.lt/home/saulius/svn-repositories/ada-ml/trunk/data/CORA
Relative URL: ^/trunk/data/CORA
Repository Root: svn+ssh://saulius.grazulis.lt/home/saulius/svn-repositories/ada-ml
Repository UUID: cbc6df6a-4905-47e4-957a-ae58ab66f2a2
Revision: 60
Node Kind: directory
Schedule: normal
Last Changed Author: saulius
Last Changed Rev: 45
Last Changed Date: 2024-09-17 18:03:12 +0300 (Tue, 17 Sep 2024)

+ df -h .
Filesystem               Size  Used Avail Use% Mounted on
/dev/mapper/vgmint-root  1,8T  1,1T  709G  60% /
+ type osname
osname is /home/saulius/scripts/osname
+ osname
Linuxmint-21.2
+ uname -a
Linux pterodaktilis 5.15.0-130-generic #140-Ubuntu SMP Wed Dec 18 17:59:53 UTC 2024 x86_64 x86_64 x86_64 GNU/Linux
+ date
2025-01-06T16:42:41 EET
++ tail -n +2 edges.csv
++ wc -l
+ echo -e '2\t10556'
+ csv2tab edges.csv
+ tail -n +2
+ awk '-F\t' '{print $3, $2}'
+ perl -lane 'use warnings; BEGIN {open IDX, "nodes-idx-vs-id.dat" or die; %idx = map {($x, $y) = split; ($y, $x)} <IDX>} print $idx{$F[0]}, "\t", $idx{$F[1]}'
+ tsv-transpose
