saulius
pterodaktilis
/home/saulius/src/ada-ml
73
Path: .
Working Copy Root Path: /home/saulius/src/ada-ml
URL: svn+ssh://saulius.grazulis.lt/home/saulius/svn-repositories/ada-ml/trunk
Relative URL: ^/trunk
Repository Root: svn+ssh://saulius.grazulis.lt/home/saulius/svn-repositories/ada-ml
Repository UUID: cbc6df6a-4905-47e4-957a-ae58ab66f2a2
Revision: 73
Node Kind: directory
Schedule: normal
Last Changed Author: saulius
Last Changed Rev: 73
Last Changed Date: 2025-01-07 08:50:57 +0200 (Tue, 07 Jan 2025)

Filesystem               Size  Used Avail Use% Mounted on
/dev/mapper/vgmint-root  1,8T  1,1T  700G  60% /
osname is /home/saulius/scripts/osname
Linuxmint-21.2
Linux pterodaktilis 5.15.0-130-generic #140-Ubuntu SMP Wed Dec 18 17:59:53 UTC 2024 x86_64 x86_64 x86_64 GNU/Linux
2025-01-07T08:59:59 EET
Files /dev/fd/63 and /dev/fd/62 are identical
